<?xml version="1.0" encoding="UTF-8"?>
<testng-results ignored="0" total="1" passed="1" failed="0" skipped="0">
  <reporter-output>
  </reporter-output>
  <suite started-at="2024-03-14T11:14:35 GMT-07:00" name="Default suite" finished-at="2024-03-14T11:14:51 GMT-07:00" duration-ms="15233">
    <groups>
    </groups>
    <test started-at="2024-03-14T11:14:35 GMT-07:00" name="Default test" finished-at="2024-03-14T11:14:51 GMT-07:00" duration-ms="15233">
      <class name="testScripts.AddCategoryTest">
        <test-method is-config="true" signature="classConfig()[pri:0, instance:testScripts.AddCategoryTest@1aafa419]" started-at="2024-03-14T11:14:35 GMT-07:00" name="classConfig" finished-at="2024-03-14T11:14:40 GMT-07:00" duration-ms="4256" status="PASS">
          <reporter-output>
          </reporter-output>
        </test-method> <!-- classConfig -->
        <test-method is-config="true" signature="methodConfig()[pri:0, instance:testScripts.AddCategoryTest@1aafa419]" started-at="2024-03-14T11:14:40 GMT-07:00" name="methodConfig" finished-at="2024-03-14T11:14:44 GMT-07:00" duration-ms="4412" status="PASS">
          <reporter-output>
          </reporter-output>
        </test-method> <!-- methodConfig -->
        <test-method signature="addCategoryTest()[pri:0, instance:testScripts.AddCategoryTest@1aafa419]" started-at="2024-03-14T11:14:44 GMT-07:00" name="addCategoryTest" finished-at="2024-03-14T11:14:49 GMT-07:00" duration-ms="5046" status="PASS">
          <reporter-output>
          </reporter-output>
        </test-method> <!-- addCategoryTest -->
        <test-method is-config="true" signature="methodTeardown()[pri:0, instance:testScripts.AddCategoryTest@1aafa419]" started-at="2024-03-14T11:14:49 GMT-07:00" name="methodTeardown" finished-at="2024-03-14T11:14:50 GMT-07:00" duration-ms="1004" status="PASS">
          <reporter-output>
          </reporter-output>
        </test-method> <!-- methodTeardown -->
        <test-method is-config="true" signature="classTeardown()[pri:0, instance:testScripts.AddCategoryTest@1aafa419]" started-at="2024-03-14T11:14:50 GMT-07:00" name="classTeardown" finished-at="2024-03-14T11:14:51 GMT-07:00" duration-ms="400" status="PASS">
          <reporter-output>
          </reporter-output>
        </test-method> <!-- classTeardown -->
      </class> <!-- testScripts.AddCategoryTest -->
    </test> <!-- Default test -->
  </suite> <!-- Default suite -->
</testng-results>
